2026-04-08 09:35:10,454 - INFO - PyTorch version: 2.4.1+cu121
2026-04-08 09:35:10,474 - INFO - CUDA available: True
2026-04-08 09:35:10,493 - INFO - Detected 2 CUDA device(s).
2026-04-08 09:35:10,495 - INFO - GPU 0: NVIDIA GeForce RTX 3090
2026-04-08 09:35:10,495 - INFO - GPU 1: NVIDIA GeForce RTX 3090
2026-04-08 10:47:36,928 - INFO - PyTorch version: 2.4.1+cu121
2026-04-08 10:47:36,971 - INFO - CUDA available: True
2026-04-08 10:47:37,009 - INFO - Detected 2 CUDA device(s).
2026-04-08 10:47:37,011 - INFO - GPU 0: NVIDIA GeForce RTX 3090
2026-04-08 10:47:37,011 - INFO - GPU 1: NVIDIA GeForce RTX 3090
2026-04-08 10:47:37,013 - INFO - Processing WSI: TCGA-G9-6385-11A-01-TS1.a39e9053-f487-4117-a010-3b2af2c9dc53
2026-04-08 10:47:37,023 - WARNING - Missing json or mat for TCGA-G9-6385-11A-01-TS1.a39e9053-f487-4117-a010-3b2af2c9dc53_patch_tile_783_level0_17920-4096-18432-4608.png in TCGA-G9-6385-11A-01-TS1.a39e9053-f487-4117-a010-3b2af2c9dc53, skipped.
2026-04-08 10:47:39,933 - INFO - Processing patch: TCGA-G9-6385-11A-01-TS1.a39e9053-f487-4117-a010-3b2af2c9dc53_patch_tile_35_level0_1536-8192-2048-8704
2026-04-08 10:47:39,984 - INFO - Processing patch: TCGA-G9-6385-11A-01-TS1.a39e9053-f487-4117-a010-3b2af2c9dc53_patch_tile_671_level0_15872-13824-16384-14336
2026-04-08 10:47:52,933 - INFO - Completed patch: TCGA-G9-6385-11A-01-TS1.a39e9053-f487-4117-a010-3b2af2c9dc53_patch_tile_35_level0_1536-8192-2048-8704, extracted 33 cells
2026-04-08 10:47:52,933 - INFO - Processing patch: TCGA-G9-6385-11A-01-TS1.a39e9053-f487-4117-a010-3b2af2c9dc53_patch_tile_232_level0_8192-12288-8704-12800
2026-04-08 10:47:52,939 - INFO - Completed patch: TCGA-G9-6385-11A-01-TS1.a39e9053-f487-4117-a010-3b2af2c9dc53_patch_tile_671_level0_15872-13824-16384-14336, extracted 36 cells
2026-04-08 10:47:52,940 - INFO - Processing patch: TCGA-G9-6385-11A-01-TS1.a39e9053-f487-4117-a010-3b2af2c9dc53_patch_tile_944_level0_19968-33280-20480-33792
2026-04-08 10:47:53,180 - INFO - Completed patch: TCGA-G9-6385-11A-01-TS1.a39e9053-f487-4117-a010-3b2af2c9dc53_patch_tile_232_level0_8192-12288-8704-12800, extracted 24 cells
2026-04-08 10:47:53,180 - INFO - Processing patch: TCGA-G9-6385-11A-01-TS1.a39e9053-f487-4117-a010-3b2af2c9dc53_patch_tile_1_level0_0-4096-512-4608
2026-04-08 10:47:53,218 - INFO - Completed patch: TCGA-G9-6385-11A-01-TS1.a39e9053-f487-4117-a010-3b2af2c9dc53_patch_tile_944_level0_19968-33280-20480-33792, extracted 28 cells
2026-04-08 10:47:53,219 - INFO - Processing patch: TCGA-G9-6385-11A-01-TS1.a39e9053-f487-4117-a010-3b2af2c9dc53_patch_tile_1078_level0_23040-30720-23552-31232
2026-04-08 10:47:53,484 - INFO - Completed patch: TCGA-G9-6385-11A-01-TS1.a39e9053-f487-4117-a010-3b2af2c9dc53_patch_tile_1_level0_0-4096-512-4608, extracted 28 cells
2026-04-08 10:47:53,485 - INFO - Processing patch: TCGA-G9-6385-11A-01-TS1.a39e9053-f487-4117-a010-3b2af2c9dc53_patch_tile_1107_level0_24576-22528-25088-23040
2026-04-08 10:47:53,639 - INFO - Completed patch: TCGA-G9-6385-11A-01-TS1.a39e9053-f487-4117-a010-3b2af2c9dc53_patch_tile_1078_level0_23040-30720-23552-31232, extracted 56 cells
2026-04-08 10:47:53,639 - INFO - Processing patch: TCGA-G9-6385-11A-01-TS1.a39e9053-f487-4117-a010-3b2af2c9dc53_patch_tile_322_level0_9728-30208-10240-30720
2026-04-08 10:47:53,688 - INFO - Completed patch: TCGA-G9-6385-11A-01-TS1.a39e9053-f487-4117-a010-3b2af2c9dc53_patch_tile_1107_level0_24576-22528-25088-23040, extracted 31 cells
2026-04-08 10:47:53,688 - INFO - Processing patch: TCGA-G9-6385-11A-01-TS1.a39e9053-f487-4117-a010-3b2af2c9dc53_patch_tile_765_level0_17408-12800-17920-13312
2026-04-08 10:47:53,862 - INFO - Completed patch: TCGA-G9-6385-11A-01-TS1.a39e9053-f487-4117-a010-3b2af2c9dc53_patch_tile_322_level0_9728-30208-10240-30720, extracted 32 cells
2026-04-08 10:47:53,862 - INFO - Processing patch: TCGA-G9-6385-11A-01-TS1.a39e9053-f487-4117-a010-3b2af2c9dc53_patch_tile_780_level0_17408-32768-17920-33280
2026-04-08 10:47:53,925 - INFO - Completed patch: TCGA-G9-6385-11A-01-TS1.a39e9053-f487-4117-a010-3b2af2c9dc53_patch_tile_765_level0_17408-12800-17920-13312, extracted 36 cells
2026-04-08 10:47:53,925 - INFO - Processing patch: TCGA-G9-6385-11A-01-TS1.a39e9053-f487-4117-a010-3b2af2c9dc53_patch_tile_564_level0_14336-17408-14848-17920
2026-04-08 10:47:54,257 - INFO - Completed patch: TCGA-G9-6385-11A-01-TS1.a39e9053-f487-4117-a010-3b2af2c9dc53_patch_tile_564_level0_14336-17408-14848-17920, extracted 55 cells
2026-04-08 10:47:54,258 - INFO - Processing patch: TCGA-G9-6385-11A-01-TS1.a39e9053-f487-4117-a010-3b2af2c9dc53_patch_tile_1003_level0_20992-20992-21504-21504
2026-04-08 10:47:54,454 - INFO - Completed patch: TCGA-G9-6385-11A-01-TS1.a39e9053-f487-4117-a010-3b2af2c9dc53_patch_tile_780_level0_17408-32768-17920-33280, extracted 103 cells
2026-04-08 10:47:54,455 - INFO - Processing patch: TCGA-G9-6385-11A-01-TS1.a39e9053-f487-4117-a010-3b2af2c9dc53_patch_tile_778_level0_17408-24064-17920-24576
2026-04-08 10:47:54,481 - INFO - Completed patch: TCGA-G9-6385-11A-01-TS1.a39e9053-f487-4117-a010-3b2af2c9dc53_patch_tile_1003_level0_20992-20992-21504-21504, extracted 35 cells
2026-04-08 10:47:54,481 - INFO - Processing patch: TCGA-G9-6385-11A-01-TS1.a39e9053-f487-4117-a010-3b2af2c9dc53_patch_tile_244_level0_8192-25600-8704-26112
2026-04-08 10:47:54,765 - INFO - Completed patch: TCGA-G9-6385-11A-01-TS1.a39e9053-f487-4117-a010-3b2af2c9dc53_patch_tile_244_level0_8192-25600-8704-26112, extracted 29 cells
2026-04-08 10:47:54,765 - INFO - Processing patch: TCGA-G9-6385-11A-01-TS1.a39e9053-f487-4117-a010-3b2af2c9dc53_patch_tile_432_level0_12288-7680-12800-8192
2026-04-08 10:47:54,802 - INFO - Completed patch: TCGA-G9-6385-11A-01-TS1.a39e9053-f487-4117-a010-3b2af2c9dc53_patch_tile_778_level0_17408-24064-17920-24576, extracted 36 cells
2026-04-08 10:47:54,803 - INFO - Processing patch: TCGA-G9-6385-11A-01-TS1.a39e9053-f487-4117-a010-3b2af2c9dc53_patch_tile_655_level0_15872-2560-16384-3072
2026-04-08 10:47:54,969 - INFO - Completed patch: TCGA-G9-6385-11A-01-TS1.a39e9053-f487-4117-a010-3b2af2c9dc53_patch_tile_432_level0_12288-7680-12800-8192, extracted 12 cells
2026-04-08 10:47:54,969 - INFO - Processing patch: TCGA-G9-6385-11A-01-TS1.a39e9053-f487-4117-a010-3b2af2c9dc53_patch_tile_952_level0_20480-4608-20992-5120
2026-04-08 10:47:55,072 - INFO - Completed patch: TCGA-G9-6385-11A-01-TS1.a39e9053-f487-4117-a010-3b2af2c9dc53_patch_tile_655_level0_15872-2560-16384-3072, extracted 32 cells
2026-04-08 10:47:55,072 - INFO - Processing patch: TCGA-G9-6385-11A-01-TS1.a39e9053-f487-4117-a010-3b2af2c9dc53_patch_tile_587_level0_14848-5632-15360-6144
2026-04-08 10:47:55,096 - INFO - Completed patch: TCGA-G9-6385-11A-01-TS1.a39e9053-f487-4117-a010-3b2af2c9dc53_patch_tile_952_level0_20480-4608-20992-5120, extracted 15 cells
2026-04-08 10:47:55,096 - INFO - Processing patch: TCGA-G9-6385-11A-01-TS1.a39e9053-f487-4117-a010-3b2af2c9dc53_patch_tile_805_level0_17920-25088-18432-25600
2026-04-08 10:47:55,234 - INFO - Completed patch: TCGA-G9-6385-11A-01-TS1.a39e9053-f487-4117-a010-3b2af2c9dc53_patch_tile_587_level0_14848-5632-15360-6144, extracted 19 cells
2026-04-08 10:47:55,234 - INFO - Processing patch: TCGA-G9-6385-11A-01-TS1.a39e9053-f487-4117-a010-3b2af2c9dc53_patch_tile_185_level0_6656-26112-7168-26624
2026-04-08 10:47:55,288 - INFO - Completed patch: TCGA-G9-6385-11A-01-TS1.a39e9053-f487-4117-a010-3b2af2c9dc53_patch_tile_805_level0_17920-25088-18432-25600, extracted 26 cells
2026-04-08 10:47:55,288 - INFO - Processing patch: TCGA-G9-6385-11A-01-TS1.a39e9053-f487-4117-a010-3b2af2c9dc53_patch_tile_602_level0_14848-17408-15360-17920
2026-04-08 10:47:55,460 - INFO - Completed patch: TCGA-G9-6385-11A-01-TS1.a39e9053-f487-4117-a010-3b2af2c9dc53_patch_tile_185_level0_6656-26112-7168-26624, extracted 32 cells
2026-04-08 10:47:55,460 - INFO - Processing patch: TCGA-G9-6385-11A-01-TS1.a39e9053-f487-4117-a010-3b2af2c9dc53_patch_tile_515_level0_13312-29184-13824-29696
2026-04-08 10:47:55,554 - INFO - Completed patch: TCGA-G9-6385-11A-01-TS1.a39e9053-f487-4117-a010-3b2af2c9dc53_patch_tile_602_level0_14848-17408-15360-17920, extracted 42 cells
2026-04-08 10:47:55,555 - INFO - Processing patch: TCGA-G9-6385-11A-01-TS1.a39e9053-f487-4117-a010-3b2af2c9dc53_patch_tile_599_level0_14848-15872-15360-16384
2026-04-08 10:47:55,782 - INFO - Completed patch: TCGA-G9-6385-11A-01-TS1.a39e9053-f487-4117-a010-3b2af2c9dc53_patch_tile_515_level0_13312-29184-13824-29696, extracted 51 cells
2026-04-08 10:47:55,782 - INFO - Processing patch: TCGA-G9-6385-11A-01-TS1.a39e9053-f487-4117-a010-3b2af2c9dc53_patch_tile_297_level0_9216-32768-9728-33280
2026-04-08 10:47:55,820 - INFO - Completed patch: TCGA-G9-6385-11A-01-TS1.a39e9053-f487-4117-a010-3b2af2c9dc53_patch_tile_599_level0_14848-15872-15360-16384, extracted 41 cells
2026-04-08 10:47:55,821 - INFO - Processing patch: TCGA-G9-6385-11A-01-TS1.a39e9053-f487-4117-a010-3b2af2c9dc53_patch_tile_1148_level0_26112-20480-26624-20992
2026-04-08 10:47:56,050 - INFO - Completed patch: TCGA-G9-6385-11A-01-TS1.a39e9053-f487-4117-a010-3b2af2c9dc53_patch_tile_1148_level0_26112-20480-26624-20992, extracted 25 cells
2026-04-08 10:47:56,050 - INFO - Processing patch: TCGA-G9-6385-11A-01-TS1.a39e9053-f487-4117-a010-3b2af2c9dc53_patch_tile_222_level0_7680-16384-8192-16896
2026-04-08 10:47:56,168 - INFO - Completed patch: TCGA-G9-6385-11A-01-TS1.a39e9053-f487-4117-a010-3b2af2c9dc53_patch_tile_297_level0_9216-32768-9728-33280, extracted 47 cells
2026-04-08 10:47:56,168 - INFO - Processing patch: TCGA-G9-6385-11A-01-TS1.a39e9053-f487-4117-a010-3b2af2c9dc53_patch_tile_247_level0_8192-27136-8704-27648
2026-04-08 10:47:56,279 - INFO - Completed patch: TCGA-G9-6385-11A-01-TS1.a39e9053-f487-4117-a010-3b2af2c9dc53_patch_tile_222_level0_7680-16384-8192-16896, extracted 33 cells
2026-04-08 10:47:56,279 - INFO - Processing patch: TCGA-G9-6385-11A-01-TS1.a39e9053-f487-4117-a010-3b2af2c9dc53_patch_tile_9_level0_512-3584-1024-4096
2026-04-08 10:47:56,438 - INFO - Completed patch: TCGA-G9-6385-11A-01-TS1.a39e9053-f487-4117-a010-3b2af2c9dc53_patch_tile_247_level0_8192-27136-8704-27648, extracted 37 cells
2026-04-08 10:47:56,439 - INFO - Processing patch: TCGA-G9-6385-11A-01-TS1.a39e9053-f487-4117-a010-3b2af2c9dc53_patch_tile_205_level0_7168-20992-7680-21504
2026-04-08 10:47:56,465 - INFO - Completed patch: TCGA-G9-6385-11A-01-TS1.a39e9053-f487-4117-a010-3b2af2c9dc53_patch_tile_9_level0_512-3584-1024-4096, extracted 21 cells
2026-04-08 10:47:56,465 - INFO - Processing patch: TCGA-G9-6385-11A-01-TS1.a39e9053-f487-4117-a010-3b2af2c9dc53_patch_tile_1088_level0_23552-24576-24064-25088
2026-04-08 10:47:56,692 - INFO - Completed patch: TCGA-G9-6385-11A-01-TS1.a39e9053-f487-4117-a010-3b2af2c9dc53_patch_tile_205_level0_7168-20992-7680-21504, extracted 36 cells
2026-04-08 10:47:56,692 - INFO - Processing patch: TCGA-G9-6385-11A-01-TS1.a39e9053-f487-4117-a010-3b2af2c9dc53_patch_tile_610_level0_14848-25088-15360-25600
2026-04-08 10:47:56,714 - INFO - Completed patch: TCGA-G9-6385-11A-01-TS1.a39e9053-f487-4117-a010-3b2af2c9dc53_patch_tile_1088_level0_23552-24576-24064-25088, extracted 35 cells
2026-04-08 10:47:56,714 - INFO - Processing patch: TCGA-G9-6385-11A-01-TS1.a39e9053-f487-4117-a010-3b2af2c9dc53_patch_tile_938_level0_19968-30208-20480-30720
2026-04-08 10:47:56,972 - INFO - Completed patch: TCGA-G9-6385-11A-01-TS1.a39e9053-f487-4117-a010-3b2af2c9dc53_patch_tile_610_level0_14848-25088-15360-25600, extracted 32 cells
2026-04-08 10:47:56,973 - INFO - Processing patch: TCGA-G9-6385-11A-01-TS1.a39e9053-f487-4117-a010-3b2af2c9dc53_patch_tile_196_level0_7168-14336-7680-14848
2026-04-08 10:47:56,995 - INFO - Completed patch: TCGA-G9-6385-11A-01-TS1.a39e9053-f487-4117-a010-3b2af2c9dc53_patch_tile_938_level0_19968-30208-20480-30720, extracted 40 cells
2026-04-08 10:47:56,995 - INFO - Processing patch: TCGA-G9-6385-11A-01-TS1.a39e9053-f487-4117-a010-3b2af2c9dc53_patch_tile_1106_level0_24576-19968-25088-20480
2026-04-08 10:47:57,157 - INFO - Completed patch: TCGA-G9-6385-11A-01-TS1.a39e9053-f487-4117-a010-3b2af2c9dc53_patch_tile_196_level0_7168-14336-7680-14848, extracted 28 cells
2026-04-08 10:47:57,157 - INFO - Processing patch: TCGA-G9-6385-11A-01-TS1.a39e9053-f487-4117-a010-3b2af2c9dc53_patch_tile_481_level0_12800-20992-13312-21504
2026-04-08 10:47:57,209 - INFO - Completed patch: TCGA-G9-6385-11A-01-TS1.a39e9053-f487-4117-a010-3b2af2c9dc53_patch_tile_1106_level0_24576-19968-25088-20480, extracted 35 cells
2026-04-08 10:47:57,209 - INFO - Processing patch: TCGA-G9-6385-11A-01-TS1.a39e9053-f487-4117-a010-3b2af2c9dc53_patch_tile_467_level0_12800-7168-13312-7680
2026-04-08 10:47:57,486 - INFO - Completed patch: TCGA-G9-6385-11A-01-TS1.a39e9053-f487-4117-a010-3b2af2c9dc53_patch_tile_467_level0_12800-7168-13312-7680, extracted 32 cells
2026-04-08 10:47:57,486 - INFO - Processing patch: TCGA-G9-6385-11A-01-TS1.a39e9053-f487-4117-a010-3b2af2c9dc53_patch_tile_344_level0_10240-21504-10752-22016
2026-04-08 10:47:57,494 - INFO - Completed patch: TCGA-G9-6385-11A-01-TS1.a39e9053-f487-4117-a010-3b2af2c9dc53_patch_tile_481_level0_12800-20992-13312-21504, extracted 34 cells
2026-04-08 10:47:57,494 - INFO - Processing patch: TCGA-G9-6385-11A-01-TS1.a39e9053-f487-4117-a010-3b2af2c9dc53_patch_tile_841_level0_18944-6144-19456-6656
2026-04-08 10:47:57,719 - INFO - Completed patch: TCGA-G9-6385-11A-01-TS1.a39e9053-f487-4117-a010-3b2af2c9dc53_patch_tile_841_level0_18944-6144-19456-6656, extracted 29 cells
2026-04-08 10:47:57,720 - INFO - Processing patch: TCGA-G9-6385-11A-01-TS1.a39e9053-f487-4117-a010-3b2af2c9dc53_patch_tile_737_level0_16896-13312-17408-13824
2026-04-08 10:47:57,772 - INFO - Completed patch: TCGA-G9-6385-11A-01-TS1.a39e9053-f487-4117-a010-3b2af2c9dc53_patch_tile_344_level0_10240-21504-10752-22016, extracted 37 cells
2026-04-08 10:47:57,773 - INFO - Processing patch: TCGA-G9-6385-11A-01-TS1.a39e9053-f487-4117-a010-3b2af2c9dc53_patch_tile_500_level0_13312-13824-13824-14336
2026-04-08 10:47:58,002 - INFO - Completed patch: TCGA-G9-6385-11A-01-TS1.a39e9053-f487-4117-a010-3b2af2c9dc53_patch_tile_737_level0_16896-13312-17408-13824, extracted 47 cells
2026-04-08 10:47:58,002 - INFO - Processing patch: TCGA-G9-6385-11A-01-TS1.a39e9053-f487-4117-a010-3b2af2c9dc53_patch_tile_996_level0_20992-12800-21504-13312
2026-04-08 10:47:58,078 - INFO - Completed patch: TCGA-G9-6385-11A-01-TS1.a39e9053-f487-4117-a010-3b2af2c9dc53_patch_tile_500_level0_13312-13824-13824-14336, extracted 46 cells
2026-04-08 10:47:58,078 - INFO - Processing patch: TCGA-G9-6385-11A-01-TS1.a39e9053-f487-4117-a010-3b2af2c9dc53_patch_tile_942_level0_19968-32256-20480-32768
2026-04-08 10:47:58,288 - INFO - Completed patch: TCGA-G9-6385-11A-01-TS1.a39e9053-f487-4117-a010-3b2af2c9dc53_patch_tile_996_level0_20992-12800-21504-13312, extracted 19 cells
2026-04-08 10:47:58,288 - INFO - Processing patch: TCGA-G9-6385-11A-01-TS1.a39e9053-f487-4117-a010-3b2af2c9dc53_patch_tile_1061_level0_22528-29696-23040-30208
2026-04-08 10:47:58,436 - INFO - Completed patch: TCGA-G9-6385-11A-01-TS1.a39e9053-f487-4117-a010-3b2af2c9dc53_patch_tile_942_level0_19968-32256-20480-32768, extracted 47 cells
2026-04-08 10:47:58,437 - INFO - Processing patch: TCGA-G9-6385-11A-01-TS1.a39e9053-f487-4117-a010-3b2af2c9dc53_patch_tile_882_level0_19456-6656-19968-7168
2026-04-08 10:47:58,535 - INFO - Completed patch: TCGA-G9-6385-11A-01-TS1.a39e9053-f487-4117-a010-3b2af2c9dc53_patch_tile_1061_level0_22528-29696-23040-30208, extracted 39 cells
2026-04-08 10:47:58,535 - INFO - Processing patch: TCGA-G9-6385-11A-01-TS1.a39e9053-f487-4117-a010-3b2af2c9dc53_patch_tile_523_level0_13824-7680-14336-8192
2026-04-08 10:47:58,645 - INFO - Completed patch: TCGA-G9-6385-11A-01-TS1.a39e9053-f487-4117-a010-3b2af2c9dc53_patch_tile_882_level0_19456-6656-19968-7168, extracted 27 cells
2026-04-08 10:47:58,645 - INFO - Processing patch: TCGA-G9-6385-11A-01-TS1.a39e9053-f487-4117-a010-3b2af2c9dc53_patch_tile_505_level0_13312-16896-13824-17408
2026-04-08 10:47:58,680 - INFO - Completed patch: TCGA-G9-6385-11A-01-TS1.a39e9053-f487-4117-a010-3b2af2c9dc53_patch_tile_523_level0_13824-7680-14336-8192, extracted 19 cells
2026-04-08 10:47:58,680 - INFO - Processing patch: TCGA-G9-6385-11A-01-TS1.a39e9053-f487-4117-a010-3b2af2c9dc53_patch_tile_368_level0_10752-16896-11264-17408
2026-04-08 10:47:58,996 - INFO - Completed patch: TCGA-G9-6385-11A-01-TS1.a39e9053-f487-4117-a010-3b2af2c9dc53_patch_tile_505_level0_13312-16896-13824-17408, extracted 36 cells
2026-04-08 10:47:58,996 - INFO - Processing patch: TCGA-G9-6385-11A-01-TS1.a39e9053-f487-4117-a010-3b2af2c9dc53_patch_tile_184_level0_6656-23040-7168-23552
2026-04-08 10:47:59,001 - INFO - Completed patch: TCGA-G9-6385-11A-01-TS1.a39e9053-f487-4117-a010-3b2af2c9dc53_patch_tile_368_level0_10752-16896-11264-17408, extracted 37 cells
2026-04-08 10:47:59,001 - INFO - Processing patch: TCGA-G9-6385-11A-01-TS1.a39e9053-f487-4117-a010-3b2af2c9dc53_patch_tile_593_level0_14848-11776-15360-12288
2026-04-08 10:47:59,246 - INFO - Completed patch: TCGA-G9-6385-11A-01-TS1.a39e9053-f487-4117-a010-3b2af2c9dc53_patch_tile_184_level0_6656-23040-7168-23552, extracted 27 cells
2026-04-08 10:47:59,246 - INFO - Processing patch: TCGA-G9-6385-11A-01-TS1.a39e9053-f487-4117-a010-3b2af2c9dc53_patch_tile_138_level0_5632-14848-6144-15360
2026-04-08 10:47:59,323 - INFO - Completed patch: TCGA-G9-6385-11A-01-TS1.a39e9053-f487-4117-a010-3b2af2c9dc53_patch_tile_593_level0_14848-11776-15360-12288, extracted 46 cells
2026-04-08 10:47:59,324 - INFO - Processing patch: TCGA-G9-6385-11A-01-TS1.a39e9053-f487-4117-a010-3b2af2c9dc53_patch_tile_906_level0_19456-39424-19968-39936
2026-04-08 10:47:59,472 - INFO - Completed patch: TCGA-G9-6385-11A-01-TS1.a39e9053-f487-4117-a010-3b2af2c9dc53_patch_tile_138_level0_5632-14848-6144-15360, extracted 34 cells
2026-04-08 10:47:59,473 - INFO - Processing patch: TCGA-G9-6385-11A-01-TS1.a39e9053-f487-4117-a010-3b2af2c9dc53_patch_tile_1079_level0_23040-31232-23552-31744
2026-04-08 10:47:59,707 - INFO - Completed patch: TCGA-G9-6385-11A-01-TS1.a39e9053-f487-4117-a010-3b2af2c9dc53_patch_tile_1079_level0_23040-31232-23552-31744, extracted 28 cells
2026-04-08 10:47:59,707 - INFO - Processing patch: TCGA-G9-6385-11A-01-TS1.a39e9053-f487-4117-a010-3b2af2c9dc53_patch_tile_848_level0_18944-12288-19456-12800
2026-04-08 10:47:59,751 - INFO - Completed patch: TCGA-G9-6385-11A-01-TS1.a39e9053-f487-4117-a010-3b2af2c9dc53_patch_tile_906_level0_19456-39424-19968-39936, extracted 67 cells
2026-04-08 10:47:59,752 - INFO - Processing patch: TCGA-G9-6385-11A-01-TS1.a39e9053-f487-4117-a010-3b2af2c9dc53_patch_tile_279_level0_9216-12800-9728-13312
2026-04-08 10:47:59,984 - INFO - Completed patch: TCGA-G9-6385-11A-01-TS1.a39e9053-f487-4117-a010-3b2af2c9dc53_patch_tile_279_level0_9216-12800-9728-13312, extracted 22 cells
2026-04-08 10:47:59,984 - INFO - Processing patch: TCGA-G9-6385-11A-01-TS1.a39e9053-f487-4117-a010-3b2af2c9dc53_patch_tile_492_level0_13312-5632-13824-6144
2026-04-08 10:48:00,055 - INFO - Completed patch: TCGA-G9-6385-11A-01-TS1.a39e9053-f487-4117-a010-3b2af2c9dc53_patch_tile_848_level0_18944-12288-19456-12800, extracted 40 cells
2026-04-08 10:48:00,056 - INFO - Processing patch: TCGA-G9-6385-11A-01-TS1.a39e9053-f487-4117-a010-3b2af2c9dc53_patch_tile_954_level0_20480-7168-20992-7680
2026-04-08 10:48:00,148 - INFO - Completed patch: TCGA-G9-6385-11A-01-TS1.a39e9053-f487-4117-a010-3b2af2c9dc53_patch_tile_492_level0_13312-5632-13824-6144, extracted 19 cells
2026-04-08 10:48:00,148 - INFO - Processing patch: TCGA-G9-6385-11A-01-TS1.a39e9053-f487-4117-a010-3b2af2c9dc53_patch_tile_150_level0_6144-12288-6656-12800
2026-04-08 10:48:00,272 - INFO - Completed patch: TCGA-G9-6385-11A-01-TS1.a39e9053-f487-4117-a010-3b2af2c9dc53_patch_tile_954_level0_20480-7168-20992-7680, extracted 26 cells
2026-04-08 10:48:00,272 - INFO - Processing patch: TCGA-G9-6385-11A-01-TS1.a39e9053-f487-4117-a010-3b2af2c9dc53_patch_tile_759_level0_17408-3584-17920-4096
2026-04-08 10:48:00,419 - INFO - Completed patch: TCGA-G9-6385-11A-01-TS1.a39e9053-f487-4117-a010-3b2af2c9dc53_patch_tile_150_level0_6144-12288-6656-12800, extracted 44 cells
2026-04-08 10:48:00,419 - INFO - Processing patch: TCGA-G9-6385-11A-01-TS1.a39e9053-f487-4117-a010-3b2af2c9dc53_patch_tile_745_level0_16896-18944-17408-19456
2026-04-08 10:48:00,444 - INFO - Completed patch: TCGA-G9-6385-11A-01-TS1.a39e9053-f487-4117-a010-3b2af2c9dc53_patch_tile_759_level0_17408-3584-17920-4096, extracted 21 cells
2026-04-08 10:48:00,444 - INFO - Processing patch: TCGA-G9-6385-11A-01-TS1.a39e9053-f487-4117-a010-3b2af2c9dc53_patch_tile_815_level0_18432-7680-18944-8192
2026-04-08 10:48:00,704 - INFO - Completed patch: TCGA-G9-6385-11A-01-TS1.a39e9053-f487-4117-a010-3b2af2c9dc53_patch_tile_815_level0_18432-7680-18944-8192, extracted 31 cells
2026-04-08 10:48:00,705 - INFO - Processing patch: TCGA-G9-6385-11A-01-TS1.a39e9053-f487-4117-a010-3b2af2c9dc53_patch_tile_715_level0_16384-28672-16896-29184
2026-04-08 10:48:00,753 - INFO - Completed patch: TCGA-G9-6385-11A-01-TS1.a39e9053-f487-4117-a010-3b2af2c9dc53_patch_tile_745_level0_16896-18944-17408-19456, extracted 46 cells
2026-04-08 10:48:00,753 - INFO - Processing patch: TCGA-G9-6385-11A-01-TS1.a39e9053-f487-4117-a010-3b2af2c9dc53_patch_tile_171_level0_6656-12800-7168-13312
2026-04-08 10:48:00,978 - INFO - Completed patch: TCGA-G9-6385-11A-01-TS1.a39e9053-f487-4117-a010-3b2af2c9dc53_patch_tile_171_level0_6656-12800-7168-13312, extracted 22 cells
2026-04-08 10:48:00,978 - INFO - Processing patch: TCGA-G9-6385-11A-01-TS1.a39e9053-f487-4117-a010-3b2af2c9dc53_patch_tile_174_level0_6656-14336-7168-14848
2026-04-08 10:48:01,031 - INFO - Completed patch: TCGA-G9-6385-11A-01-TS1.a39e9053-f487-4117-a010-3b2af2c9dc53_patch_tile_715_level0_16384-28672-16896-29184, extracted 34 cells
2026-04-08 10:48:01,031 - INFO - Processing patch: TCGA-G9-6385-11A-01-TS1.a39e9053-f487-4117-a010-3b2af2c9dc53_patch_tile_1094_level0_24064-14336-24576-14848
2026-04-08 10:48:01,317 - INFO - Completed patch: TCGA-G9-6385-11A-01-TS1.a39e9053-f487-4117-a010-3b2af2c9dc53_patch_tile_174_level0_6656-14336-7168-14848, extracted 32 cells
2026-04-08 10:48:01,317 - INFO - Processing patch: TCGA-G9-6385-11A-01-TS1.a39e9053-f487-4117-a010-3b2af2c9dc53_patch_tile_915_level0_19968-7168-20480-7680
2026-04-08 10:48:01,335 - INFO - Completed patch: TCGA-G9-6385-11A-01-TS1.a39e9053-f487-4117-a010-3b2af2c9dc53_patch_tile_1094_level0_24064-14336-24576-14848, extracted 36 cells
2026-04-08 10:48:01,335 - INFO - Processing patch: TCGA-G9-6385-11A-01-TS1.a39e9053-f487-4117-a010-3b2af2c9dc53_patch_tile_38_level0_1536-10240-2048-10752
2026-04-08 10:48:01,586 - INFO - Completed patch: TCGA-G9-6385-11A-01-TS1.a39e9053-f487-4117-a010-3b2af2c9dc53_patch_tile_915_level0_19968-7168-20480-7680, extracted 36 cells
2026-04-08 10:48:01,586 - INFO - Processing patch: TCGA-G9-6385-11A-01-TS1.a39e9053-f487-4117-a010-3b2af2c9dc53_patch_tile_450_level0_12288-22016-12800-22528
2026-04-08 10:48:01,815 - INFO - Completed patch: TCGA-G9-6385-11A-01-TS1.a39e9053-f487-4117-a010-3b2af2c9dc53_patch_tile_38_level0_1536-10240-2048-10752, extracted 71 cells
2026-04-08 10:48:01,815 - INFO - Processing patch: TCGA-G9-6385-11A-01-TS1.a39e9053-f487-4117-a010-3b2af2c9dc53_patch_tile_1046_level0_22016-14848-22528-15360
2026-04-08 10:48:01,829 - INFO - Completed patch: TCGA-G9-6385-11A-01-TS1.a39e9053-f487-4117-a010-3b2af2c9dc53_patch_tile_450_level0_12288-22016-12800-22528, extracted 30 cells
2026-04-08 10:48:01,829 - INFO - Processing patch: TCGA-G9-6385-11A-01-TS1.a39e9053-f487-4117-a010-3b2af2c9dc53_patch_tile_962_level0_20480-17408-20992-17920
2026-04-08 10:48:02,136 - INFO - Completed patch: TCGA-G9-6385-11A-01-TS1.a39e9053-f487-4117-a010-3b2af2c9dc53_patch_tile_1046_level0_22016-14848-22528-15360, extracted 46 cells
2026-04-08 10:48:02,136 - INFO - Processing patch: TCGA-G9-6385-11A-01-TS1.a39e9053-f487-4117-a010-3b2af2c9dc53_patch_tile_820_level0_18432-15360-18944-15872
2026-04-08 10:48:02,136 - INFO - Completed patch: TCGA-G9-6385-11A-01-TS1.a39e9053-f487-4117-a010-3b2af2c9dc53_patch_tile_962_level0_20480-17408-20992-17920, extracted 43 cells
2026-04-08 10:48:02,136 - INFO - Processing patch: TCGA-G9-6385-11A-01-TS1.a39e9053-f487-4117-a010-3b2af2c9dc53_patch_tile_1138_level0_25600-19456-26112-19968
2026-04-08 10:48:02,407 - INFO - Completed patch: TCGA-G9-6385-11A-01-TS1.a39e9053-f487-4117-a010-3b2af2c9dc53_patch_tile_820_level0_18432-15360-18944-15872, extracted 30 cells
2026-04-08 10:48:02,407 - INFO - Processing patch: TCGA-G9-6385-11A-01-TS1.a39e9053-f487-4117-a010-3b2af2c9dc53_patch_tile_605_level0_14848-18944-15360-19456
2026-04-08 10:48:02,446 - INFO - Completed patch: TCGA-G9-6385-11A-01-TS1.a39e9053-f487-4117-a010-3b2af2c9dc53_patch_tile_1138_level0_25600-19456-26112-19968, extracted 41 cells
2026-04-08 10:48:02,446 - INFO - Processing patch: TCGA-G9-6385-11A-01-TS1.a39e9053-f487-4117-a010-3b2af2c9dc53_patch_tile_463_level0_12288-42496-12800-43008
2026-04-08 10:48:02,548 - INFO - Completed patch: TCGA-G9-6385-11A-01-TS1.a39e9053-f487-4117-a010-3b2af2c9dc53_patch_tile_463_level0_12288-42496-12800-43008, extracted 1 cells
2026-04-08 10:48:02,548 - INFO - Processing patch: TCGA-G9-6385-11A-01-TS1.a39e9053-f487-4117-a010-3b2af2c9dc53_patch_tile_230_level0_7680-31744-8192-32256
2026-04-08 10:48:02,738 - INFO - Completed patch: TCGA-G9-6385-11A-01-TS1.a39e9053-f487-4117-a010-3b2af2c9dc53_patch_tile_605_level0_14848-18944-15360-19456, extracted 47 cells
2026-04-08 10:48:02,738 - INFO - Processing patch: TCGA-G9-6385-11A-01-TS1.a39e9053-f487-4117-a010-3b2af2c9dc53_patch_tile_779_level0_17408-27136-17920-27648
2026-04-08 10:48:02,795 - INFO - Completed patch: TCGA-G9-6385-11A-01-TS1.a39e9053-f487-4117-a010-3b2af2c9dc53_patch_tile_230_level0_7680-31744-8192-32256, extracted 35 cells
2026-04-08 10:48:02,795 - INFO - Processing patch: TCGA-G9-6385-11A-01-TS1.a39e9053-f487-4117-a010-3b2af2c9dc53_patch_tile_454_level0_12288-26624-12800-27136
2026-04-08 10:48:03,055 - INFO - Completed patch: TCGA-G9-6385-11A-01-TS1.a39e9053-f487-4117-a010-3b2af2c9dc53_patch_tile_454_level0_12288-26624-12800-27136, extracted 34 cells
2026-04-08 10:48:03,056 - INFO - Processing patch: TCGA-G9-6385-11A-01-TS1.a39e9053-f487-4117-a010-3b2af2c9dc53_patch_tile_369_level0_10752-17408-11264-17920
2026-04-08 10:48:03,074 - INFO - Completed patch: TCGA-G9-6385-11A-01-TS1.a39e9053-f487-4117-a010-3b2af2c9dc53_patch_tile_779_level0_17408-27136-17920-27648, extracted 39 cells
2026-04-08 10:48:03,074 - INFO - Processing patch: TCGA-G9-6385-11A-01-TS1.a39e9053-f487-4117-a010-3b2af2c9dc53_patch_tile_913_level0_19968-5632-20480-6144
2026-04-08 10:48:03,337 - INFO - Completed patch: TCGA-G9-6385-11A-01-TS1.a39e9053-f487-4117-a010-3b2af2c9dc53_patch_tile_913_level0_19968-5632-20480-6144, extracted 23 cells
2026-04-08 10:48:03,338 - INFO - Processing patch: TCGA-G9-6385-11A-01-TS1.a39e9053-f487-4117-a010-3b2af2c9dc53_patch_tile_897_level0_19456-24064-19968-24576
2026-04-08 10:48:03,385 - INFO - Completed patch: TCGA-G9-6385-11A-01-TS1.a39e9053-f487-4117-a010-3b2af2c9dc53_patch_tile_369_level0_10752-17408-11264-17920, extracted 36 cells
2026-04-08 10:48:03,385 - INFO - Processing patch: TCGA-G9-6385-11A-01-TS1.a39e9053-f487-4117-a010-3b2af2c9dc53_patch_tile_689_level0_16384-3072-16896-3584
2026-04-08 10:48:03,540 - INFO - Completed patch: TCGA-G9-6385-11A-01-TS1.a39e9053-f487-4117-a010-3b2af2c9dc53_patch_tile_689_level0_16384-3072-16896-3584, extracted 9 cells
2026-04-08 10:48:03,540 - INFO - Processing patch: TCGA-G9-6385-11A-01-TS1.a39e9053-f487-4117-a010-3b2af2c9dc53_patch_tile_565_level0_14336-17920-14848-18432
2026-04-08 10:48:03,608 - INFO - Completed patch: TCGA-G9-6385-11A-01-TS1.a39e9053-f487-4117-a010-3b2af2c9dc53_patch_tile_897_level0_19456-24064-19968-24576, extracted 25 cells
2026-04-08 10:48:03,608 - INFO - Processing patch: TCGA-G9-6385-11A-01-TS1.a39e9053-f487-4117-a010-3b2af2c9dc53_patch_tile_873_level0_18944-37376-19456-37888
2026-04-08 10:48:03,804 - INFO - Completed patch: TCGA-G9-6385-11A-01-TS1.a39e9053-f487-4117-a010-3b2af2c9dc53_patch_tile_565_level0_14336-17920-14848-18432, extracted 40 cells
2026-04-08 10:48:03,804 - INFO - Processing patch: TCGA-G9-6385-11A-01-TS1.a39e9053-f487-4117-a010-3b2af2c9dc53_patch_tile_535_level0_13824-18944-14336-19456
2026-04-08 10:48:04,088 - INFO - Completed patch: TCGA-G9-6385-11A-01-TS1.a39e9053-f487-4117-a010-3b2af2c9dc53_patch_tile_535_level0_13824-18944-14336-19456, extracted 48 cells
2026-04-08 10:48:04,088 - INFO - Processing patch: TCGA-G9-6385-11A-01-TS1.a39e9053-f487-4117-a010-3b2af2c9dc53_patch_tile_739_level0_16896-14336-17408-14848
2026-04-08 10:48:04,123 - INFO - Completed patch: TCGA-G9-6385-11A-01-TS1.a39e9053-f487-4117-a010-3b2af2c9dc53_patch_tile_873_level0_18944-37376-19456-37888, extracted 88 cells
2026-04-08 10:48:04,124 - INFO - Processing patch: TCGA-G9-6385-11A-01-TS1.a39e9053-f487-4117-a010-3b2af2c9dc53_patch_tile_1125_level0_25088-26112-25600-26624
2026-04-08 10:48:04,412 - INFO - Completed patch: TCGA-G9-6385-11A-01-TS1.a39e9053-f487-4117-a010-3b2af2c9dc53_patch_tile_1125_level0_25088-26112-25600-26624, extracted 44 cells
2026-04-08 10:48:04,413 - INFO - Processing patch: TCGA-G9-6385-11A-01-TS1.a39e9053-f487-4117-a010-3b2af2c9dc53_patch_tile_26_level0_1024-10240-1536-10752
2026-04-08 10:48:04,475 - INFO - Completed patch: TCGA-G9-6385-11A-01-TS1.a39e9053-f487-4117-a010-3b2af2c9dc53_patch_tile_739_level0_16896-14336-17408-14848, extracted 57 cells
2026-04-08 10:48:04,475 - INFO - Processing patch: TCGA-G9-6385-11A-01-TS1.a39e9053-f487-4117-a010-3b2af2c9dc53_patch_tile_825_level0_18432-20480-18944-20992
2026-04-08 10:48:04,677 - INFO - Completed patch: TCGA-G9-6385-11A-01-TS1.a39e9053-f487-4117-a010-3b2af2c9dc53_patch_tile_26_level0_1024-10240-1536-10752, extracted 47 cells
2026-04-08 10:48:04,677 - INFO - Processing patch: TCGA-G9-6385-11A-01-TS1.a39e9053-f487-4117-a010-3b2af2c9dc53_patch_tile_15_level0_512-7168-1024-7680
2026-04-08 10:48:04,755 - INFO - Completed patch: TCGA-G9-6385-11A-01-TS1.a39e9053-f487-4117-a010-3b2af2c9dc53_patch_tile_825_level0_18432-20480-18944-20992, extracted 45 cells
2026-04-08 10:48:04,755 - INFO - Processing patch: TCGA-G9-6385-11A-01-TS1.a39e9053-f487-4117-a010-3b2af2c9dc53_patch_tile_1032_level0_21504-25088-22016-25600
2026-04-08 10:48:04,891 - INFO - Completed patch: TCGA-G9-6385-11A-01-TS1.a39e9053-f487-4117-a010-3b2af2c9dc53_patch_tile_15_level0_512-7168-1024-7680, extracted 31 cells
2026-04-08 10:48:04,891 - INFO - Processing patch: TCGA-G9-6385-11A-01-TS1.a39e9053-f487-4117-a010-3b2af2c9dc53_patch_tile_1031_level0_21504-24576-22016-25088
2026-04-08 10:48:04,918 - INFO - Completed patch: TCGA-G9-6385-11A-01-TS1.a39e9053-f487-4117-a010-3b2af2c9dc53_patch_tile_1032_level0_21504-25088-22016-25600, extracted 18 cells
2026-04-08 10:48:04,918 - INFO - Processing patch: TCGA-G9-6385-11A-01-TS1.a39e9053-f487-4117-a010-3b2af2c9dc53_patch_tile_1102_level0_24576-15360-25088-15872
2026-04-08 10:48:05,133 - INFO - Completed patch: TCGA-G9-6385-11A-01-TS1.a39e9053-f487-4117-a010-3b2af2c9dc53_patch_tile_1031_level0_21504-24576-22016-25088, extracted 23 cells
2026-04-08 10:48:05,134 - INFO - Processing patch: TCGA-G9-6385-11A-01-TS1.a39e9053-f487-4117-a010-3b2af2c9dc53_patch_tile_1115_level0_25088-14848-25600-15360
2026-04-08 10:48:05,229 - INFO - Completed patch: TCGA-G9-6385-11A-01-TS1.a39e9053-f487-4117-a010-3b2af2c9dc53_patch_tile_1102_level0_24576-15360-25088-15872, extracted 42 cells
2026-04-08 10:48:05,229 - INFO - Processing patch: TCGA-G9-6385-11A-01-TS1.a39e9053-f487-4117-a010-3b2af2c9dc53_patch_tile_1020_level0_21504-7168-22016-7680
2026-04-08 10:48:05,335 - INFO - Completed patch: TCGA-G9-6385-11A-01-TS1.a39e9053-f487-4117-a010-3b2af2c9dc53_patch_tile_1115_level0_25088-14848-25600-15360, extracted 27 cells
2026-04-08 10:48:05,336 - INFO - Processing patch: TCGA-G9-6385-11A-01-TS1.a39e9053-f487-4117-a010-3b2af2c9dc53_patch_tile_149_level0_6144-11776-6656-12288
2026-04-08 10:48:05,571 - INFO - Completed patch: TCGA-G9-6385-11A-01-TS1.a39e9053-f487-4117-a010-3b2af2c9dc53_patch_tile_1020_level0_21504-7168-22016-7680, extracted 53 cells
2026-04-08 10:48:05,571 - INFO - Processing patch: TCGA-G9-6385-11A-01-TS1.a39e9053-f487-4117-a010-3b2af2c9dc53_patch_tile_73_level0_3072-16384-3584-16896
2026-04-08 10:48:05,711 - INFO - Completed patch: TCGA-G9-6385-11A-01-TS1.a39e9053-f487-4117-a010-3b2af2c9dc53_patch_tile_149_level0_6144-11776-6656-12288, extracted 60 cells
2026-04-08 10:48:05,711 - INFO - Processing patch: TCGA-G9-6385-11A-01-TS1.a39e9053-f487-4117-a010-3b2af2c9dc53_patch_tile_989_level0_20992-7168-21504-7680
2026-04-08 10:48:05,904 - INFO - Completed patch: TCGA-G9-6385-11A-01-TS1.a39e9053-f487-4117-a010-3b2af2c9dc53_patch_tile_73_level0_3072-16384-3584-16896, extracted 56 cells
2026-04-08 10:48:05,905 - INFO - Processing patch: TCGA-G9-6385-11A-01-TS1.a39e9053-f487-4117-a010-3b2af2c9dc53_patch_tile_984_level0_20992-3584-21504-4096
2026-04-08 10:48:05,910 - INFO - Completed patch: TCGA-G9-6385-11A-01-TS1.a39e9053-f487-4117-a010-3b2af2c9dc53_patch_tile_989_level0_20992-7168-21504-7680, extracted 28 cells
2026-04-08 10:48:05,910 - INFO - Processing patch: TCGA-G9-6385-11A-01-TS1.a39e9053-f487-4117-a010-3b2af2c9dc53_patch_tile_573_level0_14336-23040-14848-23552
2026-04-08 10:48:06,147 - INFO - Completed patch: TCGA-G9-6385-11A-01-TS1.a39e9053-f487-4117-a010-3b2af2c9dc53_patch_tile_984_level0_20992-3584-21504-4096, extracted 25 cells
2026-04-08 10:48:06,147 - INFO - Processing patch: TCGA-G9-6385-11A-01-TS1.a39e9053-f487-4117-a010-3b2af2c9dc53_patch_tile_127_level0_5120-15872-5632-16384
2026-04-08 10:48:06,163 - INFO - Completed patch: TCGA-G9-6385-11A-01-TS1.a39e9053-f487-4117-a010-3b2af2c9dc53_patch_tile_573_level0_14336-23040-14848-23552, extracted 31 cells
2026-04-08 10:48:06,195 - INFO - Processing patch: TCGA-G9-6385-11A-01-TS1.a39e9053-f487-4117-a010-3b2af2c9dc53_patch_tile_649_level0_15360-34304-15872-34816
2026-04-08 10:48:06,466 - INFO - Completed patch: TCGA-G9-6385-11A-01-TS1.a39e9053-f487-4117-a010-3b2af2c9dc53_patch_tile_127_level0_5120-15872-5632-16384, extracted 32 cells
2026-04-08 10:48:06,467 - INFO - Processing patch: TCGA-G9-6385-11A-01-TS1.a39e9053-f487-4117-a010-3b2af2c9dc53_patch_tile_190_level0_7168-9728-7680-10240
2026-04-08 10:48:06,697 - INFO - Completed patch: TCGA-G9-6385-11A-01-TS1.a39e9053-f487-4117-a010-3b2af2c9dc53_patch_tile_190_level0_7168-9728-7680-10240, extracted 35 cells
2026-04-08 10:48:06,744 - INFO - Processing patch: TCGA-G9-6385-11A-01-TS1.a39e9053-f487-4117-a010-3b2af2c9dc53_patch_tile_934_level0_19968-26624-20480-27136
2026-04-08 10:48:06,761 - INFO - Completed patch: TCGA-G9-6385-11A-01-TS1.a39e9053-f487-4117-a010-3b2af2c9dc53_patch_tile_649_level0_15360-34304-15872-34816, extracted 91 cells
2026-04-08 10:48:06,761 - INFO - Processing patch: TCGA-G9-6385-11A-01-TS1.a39e9053-f487-4117-a010-3b2af2c9dc53_patch_tile_408_level0_11776-10752-12288-11264
2026-04-08 10:48:06,925 - INFO - Completed patch: TCGA-G9-6385-11A-01-TS1.a39e9053-f487-4117-a010-3b2af2c9dc53_patch_tile_934_level0_19968-26624-20480-27136, extracted 14 cells
2026-04-08 10:48:06,925 - INFO - Processing patch: TCGA-G9-6385-11A-01-TS1.a39e9053-f487-4117-a010-3b2af2c9dc53_patch_tile_928_level0_19968-21504-20480-22016
2026-04-08 10:48:06,961 - INFO - Completed patch: TCGA-G9-6385-11A-01-TS1.a39e9053-f487-4117-a010-3b2af2c9dc53_patch_tile_408_level0_11776-10752-12288-11264, extracted 21 cells
2026-04-08 10:48:06,961 - INFO - Processing patch: TCGA-G9-6385-11A-01-TS1.a39e9053-f487-4117-a010-3b2af2c9dc53_patch_tile_893_level0_19456-17408-19968-17920
2026-04-08 10:48:07,261 - INFO - Completed patch: TCGA-G9-6385-11A-01-TS1.a39e9053-f487-4117-a010-3b2af2c9dc53_patch_tile_893_level0_19456-17408-19968-17920, extracted 39 cells
2026-04-08 10:48:07,262 - INFO - Processing patch: TCGA-G9-6385-11A-01-TS1.a39e9053-f487-4117-a010-3b2af2c9dc53_patch_tile_70_level0_3072-13824-3584-14336
2026-04-08 10:48:07,362 - INFO - Completed patch: TCGA-G9-6385-11A-01-TS1.a39e9053-f487-4117-a010-3b2af2c9dc53_patch_tile_928_level0_19968-21504-20480-22016, extracted 62 cells
2026-04-08 10:48:07,362 - INFO - Processing patch: TCGA-G9-6385-11A-01-TS1.a39e9053-f487-4117-a010-3b2af2c9dc53_patch_tile_12_level0_512-5120-1024-5632
2026-04-08 10:48:07,554 - INFO - Completed patch: TCGA-G9-6385-11A-01-TS1.a39e9053-f487-4117-a010-3b2af2c9dc53_patch_tile_12_level0_512-5120-1024-5632, extracted 33 cells
2026-04-08 10:48:07,554 - INFO - Processing patch: TCGA-G9-6385-11A-01-TS1.a39e9053-f487-4117-a010-3b2af2c9dc53_patch_tile_622_level0_15360-6144-15872-6656
2026-04-08 10:48:07,728 - INFO - Completed patch: TCGA-G9-6385-11A-01-TS1.a39e9053-f487-4117-a010-3b2af2c9dc53_patch_tile_622_level0_15360-6144-15872-6656, extracted 22 cells
2026-04-08 10:48:07,728 - INFO - Processing patch: TCGA-G9-6385-11A-01-TS1.a39e9053-f487-4117-a010-3b2af2c9dc53_patch_tile_832_level0_18432-31232-18944-31744
2026-04-08 10:48:07,770 - INFO - Completed patch: TCGA-G9-6385-11A-01-TS1.a39e9053-f487-4117-a010-3b2af2c9dc53_patch_tile_70_level0_3072-13824-3584-14336, extracted 93 cells
2026-04-08 10:48:07,771 - INFO - Processing patch: TCGA-G9-6385-11A-01-TS1.a39e9053-f487-4117-a010-3b2af2c9dc53_patch_tile_663_level0_15872-8192-16384-8704
2026-04-08 10:48:08,062 - INFO - Completed patch: TCGA-G9-6385-11A-01-TS1.a39e9053-f487-4117-a010-3b2af2c9dc53_patch_tile_663_level0_15872-8192-16384-8704, extracted 36 cells
2026-04-08 10:48:08,063 - INFO - Processing patch: TCGA-G9-6385-11A-01-TS1.a39e9053-f487-4117-a010-3b2af2c9dc53_patch_tile_394_level0_11264-16896-11776-17408
2026-04-08 10:48:08,122 - INFO - Completed patch: TCGA-G9-6385-11A-01-TS1.a39e9053-f487-4117-a010-3b2af2c9dc53_patch_tile_832_level0_18432-31232-18944-31744, extracted 52 cells
2026-04-08 10:48:08,122 - INFO - Processing patch: TCGA-G9-6385-11A-01-TS1.a39e9053-f487-4117-a010-3b2af2c9dc53_patch_tile_949_level0_19968-43008-20480-43520
2026-04-08 10:48:08,229 - INFO - Completed patch: TCGA-G9-6385-11A-01-TS1.a39e9053-f487-4117-a010-3b2af2c9dc53_patch_tile_949_level0_19968-43008-20480-43520, extracted 4 cells
2026-04-08 10:48:08,230 - INFO - Processing patch: TCGA-G9-6385-11A-01-TS1.a39e9053-f487-4117-a010-3b2af2c9dc53_patch_tile_356_level0_10240-32256-10752-32768
2026-04-08 10:48:08,380 - INFO - Completed patch: TCGA-G9-6385-11A-01-TS1.a39e9053-f487-4117-a010-3b2af2c9dc53_patch_tile_394_level0_11264-16896-11776-17408, extracted 39 cells
2026-04-08 10:48:08,380 - INFO - Processing patch: TCGA-G9-6385-11A-01-TS1.a39e9053-f487-4117-a010-3b2af2c9dc53_patch_tile_817_level0_18432-12800-18944-13312
2026-04-08 10:48:08,432 - INFO - Completed patch: TCGA-G9-6385-11A-01-TS1.a39e9053-f487-4117-a010-3b2af2c9dc53_patch_tile_356_level0_10240-32256-10752-32768, extracted 29 cells
2026-04-08 10:48:08,432 - INFO - Processing patch: TCGA-G9-6385-11A-01-TS1.a39e9053-f487-4117-a010-3b2af2c9dc53_patch_tile_568_level0_14336-19456-14848-19968
2026-04-08 10:48:08,764 - INFO - Completed patch: TCGA-G9-6385-11A-01-TS1.a39e9053-f487-4117-a010-3b2af2c9dc53_patch_tile_568_level0_14336-19456-14848-19968, extracted 47 cells
2026-04-08 10:48:08,764 - INFO - Processing patch: TCGA-G9-6385-11A-01-TS1.a39e9053-f487-4117-a010-3b2af2c9dc53_patch_tile_140_level0_5632-15872-6144-16384
2026-04-08 10:48:08,767 - INFO - Completed patch: TCGA-G9-6385-11A-01-TS1.a39e9053-f487-4117-a010-3b2af2c9dc53_patch_tile_817_level0_18432-12800-18944-13312, extracted 48 cells
2026-04-08 10:48:08,767 - INFO - Processing patch: TCGA-G9-6385-11A-01-TS1.a39e9053-f487-4117-a010-3b2af2c9dc53_patch_tile_99_level0_4096-17920-4608-18432
2026-04-08 10:48:09,068 - INFO - Completed patch: TCGA-G9-6385-11A-01-TS1.a39e9053-f487-4117-a010-3b2af2c9dc53_patch_tile_99_level0_4096-17920-4608-18432, extracted 27 cells
2026-04-08 10:48:09,068 - INFO - Processing patch: TCGA-G9-6385-11A-01-TS1.a39e9053-f487-4117-a010-3b2af2c9dc53_patch_tile_830_level0_18432-27136-18944-27648
2026-04-08 10:48:09,083 - INFO - Completed patch: TCGA-G9-6385-11A-01-TS1.a39e9053-f487-4117-a010-3b2af2c9dc53_patch_tile_140_level0_5632-15872-6144-16384, extracted 29 cells
2026-04-08 10:48:09,083 - INFO - Processing patch: TCGA-G9-6385-11A-01-TS1.a39e9053-f487-4117-a010-3b2af2c9dc53_patch_tile_1064_level0_22528-32256-23040-32768
2026-04-08 10:48:09,323 - INFO - Completed patch: TCGA-G9-6385-11A-01-TS1.a39e9053-f487-4117-a010-3b2af2c9dc53_patch_tile_830_level0_18432-27136-18944-27648, extracted 25 cells
2026-04-08 10:48:09,323 - INFO - Processing patch: TCGA-G9-6385-11A-01-TS1.a39e9053-f487-4117-a010-3b2af2c9dc53_patch_tile_988_level0_20992-6656-21504-7168
2026-04-08 10:48:09,432 - INFO - Completed patch: TCGA-G9-6385-11A-01-TS1.a39e9053-f487-4117-a010-3b2af2c9dc53_patch_tile_1064_level0_22528-32256-23040-32768, extracted 48 cells
2026-04-08 10:48:09,432 - INFO - Processing patch: TCGA-G9-6385-11A-01-TS1.a39e9053-f487-4117-a010-3b2af2c9dc53_patch_tile_705_level0_16384-16384-16896-16896
2026-04-08 10:48:09,596 - INFO - Completed patch: TCGA-G9-6385-11A-01-TS1.a39e9053-f487-4117-a010-3b2af2c9dc53_patch_tile_988_level0_20992-6656-21504-7168, extracted 40 cells
2026-04-08 10:48:09,597 - INFO - Processing patch: TCGA-G9-6385-11A-01-TS1.a39e9053-f487-4117-a010-3b2af2c9dc53_patch_tile_332_level0_10240-12288-10752-12800
2026-04-08 10:48:09,743 - INFO - Completed patch: TCGA-G9-6385-11A-01-TS1.a39e9053-f487-4117-a010-3b2af2c9dc53_patch_tile_705_level0_16384-16384-16896-16896, extracted 49 cells
2026-04-08 10:48:09,743 - INFO - Processing patch: TCGA-G9-6385-11A-01-TS1.a39e9053-f487-4117-a010-3b2af2c9dc53_patch_tile_319_level0_9728-24576-10240-25088
2026-04-08 10:48:09,806 - INFO - Completed patch: TCGA-G9-6385-11A-01-TS1.a39e9053-f487-4117-a010-3b2af2c9dc53_patch_tile_319_level0_9728-24576-10240-25088, extracted 0 cells
2026-04-08 10:48:09,806 - INFO - Processing patch: TCGA-G9-6385-11A-01-TS1.a39e9053-f487-4117-a010-3b2af2c9dc53_patch_tile_656_level0_15872-3072-16384-3584
2026-04-08 10:48:09,811 - INFO - Completed patch: TCGA-G9-6385-11A-01-TS1.a39e9053-f487-4117-a010-3b2af2c9dc53_patch_tile_332_level0_10240-12288-10752-12800, extracted 26 cells
2026-04-08 10:48:09,812 - INFO - Processing patch: TCGA-G9-6385-11A-01-TS1.a39e9053-f487-4117-a010-3b2af2c9dc53_patch_tile_647_level0_15360-29696-15872-30208
2026-04-08 10:48:10,013 - INFO - Completed patch: TCGA-G9-6385-11A-01-TS1.a39e9053-f487-4117-a010-3b2af2c9dc53_patch_tile_656_level0_15872-3072-16384-3584, extracted 14 cells
2026-04-08 10:48:10,014 - INFO - Processing patch: TCGA-G9-6385-11A-01-TS1.a39e9053-f487-4117-a010-3b2af2c9dc53_patch_tile_182_level0_6656-20992-7168-21504
2026-04-08 10:48:10,098 - INFO - Completed patch: TCGA-G9-6385-11A-01-TS1.a39e9053-f487-4117-a010-3b2af2c9dc53_patch_tile_647_level0_15360-29696-15872-30208, extracted 32 cells
2026-04-08 10:48:10,098 - INFO - Processing patch: TCGA-G9-6385-11A-01-TS1.a39e9053-f487-4117-a010-3b2af2c9dc53_patch_tile_884_level0_19456-7680-19968-8192
2026-04-08 10:48:10,255 - INFO - Completed patch: TCGA-G9-6385-11A-01-TS1.a39e9053-f487-4117-a010-3b2af2c9dc53_patch_tile_884_level0_19456-7680-19968-8192, extracted 20 cells
2026-04-08 10:48:10,255 - INFO - Processing patch: TCGA-G9-6385-11A-01-TS1.a39e9053-f487-4117-a010-3b2af2c9dc53_patch_tile_751_level0_16896-25600-17408-26112
2026-04-08 10:48:10,328 - INFO - Completed patch: TCGA-G9-6385-11A-01-TS1.a39e9053-f487-4117-a010-3b2af2c9dc53_patch_tile_182_level0_6656-20992-7168-21504, extracted 50 cells
2026-04-08 10:48:10,328 - INFO - Processing patch: TCGA-G9-6385-11A-01-TS1.a39e9053-f487-4117-a010-3b2af2c9dc53_patch_tile_331_level0_10240-11776-10752-12288
2026-04-08 10:48:10,550 - INFO - Completed patch: TCGA-G9-6385-11A-01-TS1.a39e9053-f487-4117-a010-3b2af2c9dc53_patch_tile_331_level0_10240-11776-10752-12288, extracted 30 cells
2026-04-08 10:48:10,550 - INFO - Processing patch: TCGA-G9-6385-11A-01-TS1.a39e9053-f487-4117-a010-3b2af2c9dc53_patch_tile_891_level0_19456-15360-19968-15872
2026-04-08 10:48:10,551 - INFO - Completed patch: TCGA-G9-6385-11A-01-TS1.a39e9053-f487-4117-a010-3b2af2c9dc53_patch_tile_751_level0_16896-25600-17408-26112, extracted 45 cells
2026-04-08 10:48:10,551 - INFO - Processing patch: TCGA-G9-6385-11A-01-TS1.a39e9053-f487-4117-a010-3b2af2c9dc53_patch_tile_637_level0_15360-17408-15872-17920
2026-04-08 10:48:10,846 - INFO - Completed patch: TCGA-G9-6385-11A-01-TS1.a39e9053-f487-4117-a010-3b2af2c9dc53_patch_tile_891_level0_19456-15360-19968-15872, extracted 36 cells
2026-04-08 10:48:10,847 - INFO - Processing patch: TCGA-G9-6385-11A-01-TS1.a39e9053-f487-4117-a010-3b2af2c9dc53_patch_tile_172_level0_6656-13312-7168-13824
2026-04-08 10:48:10,891 - INFO - Completed patch: TCGA-G9-6385-11A-01-TS1.a39e9053-f487-4117-a010-3b2af2c9dc53_patch_tile_637_level0_15360-17408-15872-17920, extracted 50 cells
2026-04-08 10:48:10,891 - INFO - Processing patch: TCGA-G9-6385-11A-01-TS1.a39e9053-f487-4117-a010-3b2af2c9dc53_patch_tile_711_level0_16384-21504-16896-22016
2026-04-08 10:48:11,109 - INFO - Completed patch: TCGA-G9-6385-11A-01-TS1.a39e9053-f487-4117-a010-3b2af2c9dc53_patch_tile_172_level0_6656-13312-7168-13824, extracted 20 cells
2026-04-08 10:48:11,109 - INFO - Processing patch: TCGA-G9-6385-11A-01-TS1.a39e9053-f487-4117-a010-3b2af2c9dc53_patch_tile_917_level0_19968-9728-20480-10240
2026-04-08 10:48:11,192 - INFO - Completed patch: TCGA-G9-6385-11A-01-TS1.a39e9053-f487-4117-a010-3b2af2c9dc53_patch_tile_711_level0_16384-21504-16896-22016, extracted 34 cells
2026-04-08 10:48:11,193 - INFO - Processing patch: TCGA-G9-6385-11A-01-TS1.a39e9053-f487-4117-a010-3b2af2c9dc53_patch_tile_359_level0_10240-36864-10752-37376
2026-04-08 10:48:11,272 - INFO - Completed patch: TCGA-G9-6385-11A-01-TS1.a39e9053-f487-4117-a010-3b2af2c9dc53_patch_tile_917_level0_19968-9728-20480-10240, extracted 27 cells
2026-04-08 10:48:11,272 - INFO - Processing patch: TCGA-G9-6385-11A-01-TS1.a39e9053-f487-4117-a010-3b2af2c9dc53_patch_tile_594_level0_14848-12288-15360-12800
2026-04-08 10:48:11,518 - INFO - Completed patch: TCGA-G9-6385-11A-01-TS1.a39e9053-f487-4117-a010-3b2af2c9dc53_patch_tile_594_level0_14848-12288-15360-12800, extracted 37 cells
2026-04-08 10:48:11,519 - INFO - Processing patch: TCGA-G9-6385-11A-01-TS1.a39e9053-f487-4117-a010-3b2af2c9dc53_patch_tile_760_level0_17408-5120-17920-5632
2026-04-08 10:48:11,598 - INFO - Completed patch: TCGA-G9-6385-11A-01-TS1.a39e9053-f487-4117-a010-3b2af2c9dc53_patch_tile_359_level0_10240-36864-10752-37376, extracted 67 cells
2026-04-08 10:48:11,598 - INFO - Processing patch: TCGA-G9-6385-11A-01-TS1.a39e9053-f487-4117-a010-3b2af2c9dc53_patch_tile_562_level0_14336-15872-14848-16384
2026-04-08 10:48:11,787 - INFO - Completed patch: TCGA-G9-6385-11A-01-TS1.a39e9053-f487-4117-a010-3b2af2c9dc53_patch_tile_760_level0_17408-5120-17920-5632, extracted 41 cells
2026-04-08 10:48:11,788 - INFO - Processing patch: TCGA-G9-6385-11A-01-TS1.a39e9053-f487-4117-a010-3b2af2c9dc53_patch_tile_21_level0_1024-5632-1536-6144
2026-04-08 10:48:11,886 - INFO - Completed patch: TCGA-G9-6385-11A-01-TS1.a39e9053-f487-4117-a010-3b2af2c9dc53_patch_tile_562_level0_14336-15872-14848-16384, extracted 42 cells
2026-04-08 10:48:11,886 - INFO - Processing patch: TCGA-G9-6385-11A-01-TS1.a39e9053-f487-4117-a010-3b2af2c9dc53_patch_tile_1071_level0_23040-12288-23552-12800
